<?xml version="1.0" encoding="UTF-8"?>
<testng-results ignored="0" total="1" passed="1" failed="0" skipped="0">
  <reporter-output>
  </reporter-output>
  <suite started-at="2021-10-24T23:38:44 IST" name="Default suite" finished-at="2021-10-24T23:39:44 IST" duration-ms="60445">
    <groups>
    </groups>
    <test started-at="2021-10-24T23:38:44 IST" name="Default test" finished-at="2021-10-24T23:39:44 IST" duration-ms="60445">
      <class name="tests.FlightBooking">
        <test-method is-config="true" signature="Setup()[pri:0, instance:tests.FlightBooking@16293aa2]" started-at="2021-10-24T23:38:43 IST" name="Setup" finished-at="2021-10-24T23:38:44 IST" duration-ms="459" status="PASS">
          <reporter-output>
          </reporter-output>
        </test-method> <!-- Setup -->
        <test-method is-config="true" signature="driversetup()[pri:0, instance:tests.FlightBooking@16293aa2]" started-at="2021-10-24T23:38:44 IST" name="driversetup" finished-at="2021-10-24T23:38:46 IST" duration-ms="2761" status="PASS">
          <reporter-output>
          </reporter-output>
        </test-method> <!-- driversetup -->
        <test-method signature="book()[pri:0, instance:tests.FlightBooking@16293aa2]" started-at="2021-10-24T23:38:47 IST" name="book" finished-at="2021-10-24T23:39:41 IST" duration-ms="54946" status="PASS">
          <reporter-output>
          </reporter-output>
        </test-method> <!-- book -->
        <test-method is-config="true" signature="Finish()[pri:0, instance:tests.FlightBooking@16293aa2]" started-at="2021-10-24T23:39:41 IST" name="Finish" finished-at="2021-10-24T23:39:44 IST" duration-ms="2678" status="PASS">
          <reporter-output>
          </reporter-output>
        </test-method> <!-- Finish -->
      </class> <!-- tests.FlightBooking -->
    </test> <!-- Default test -->
  </suite> <!-- Default suite -->
</testng-results>
