<?xml version="1.0" encoding="UTF-8"?>
<!-- Generated by org.testng.reporters.JUnitXMLReporter -->
<testsuite ignored="1" hostname="DESKTOP-G2292G3" failures="1" tests="1" name="Test1" time="0.136" errors="0" timestamp="2021-10-09T19:08:57 IST">
  <testcase classname="tests.GoogleSearchTest" name="Search" time="0.025">
    <failure type="java.lang.NullPointerException" message="Cannot invoke &amp;quot;com.aventstack.extentreports.ExtentReports.createTest(String, String)&amp;quot; because &amp;quot;this.extent&amp;quot; is null">
      <![CDATA[java.lang.NullPointerException: Cannot invoke "com.aventstack.extentreports.ExtentReports.createTest(String, String)" because "this.extent" is null
at tests.GoogleSearchTest.Search(GoogleSearchTest.java:45)
at java.base/java.util.ArrayList.forEach(ArrayList.java:1511)
... Removed 27 stack frames]]>
    </failure>
  </testcase> <!-- Search -->
  <testcase classname="tests.GoogleSearchTest" name="Search2" time="0.0">
    <ignored/>
  </testcase> <!-- Search2 -->
</testsuite> <!-- Test1 -->
