<?xml version="1.0" encoding="UTF-8"?>
<!-- Generated by org.testng.reporters.JUnitXMLReporter -->
<testsuite ignored="1" hostname="DESKTOP-G2292G3" failures="0" tests="1" name="Test" time="15.14" errors="0" timestamp="2021-10-09T19:16:09 IST">
  <testcase classname="tests.GoogleSearchTest" name="@AfterTest Finish" time="2.164">
    <failure type="java.lang.NullPointerException" message="Cannot invoke &amp;quot;com.aventstack.extentreports.ExtentTest.pass(String)&amp;quot; because &amp;quot;this.test1&amp;quot; is null">
      <![CDATA[java.lang.NullPointerException: Cannot invoke "com.aventstack.extentreports.ExtentTest.pass(String)" because "this.test1" is null
at tests.GoogleSearchTest.Finish(GoogleSearchTest.java:70)
... Removed 24 stack frames]]>
    </failure>
  </testcase> <!-- @AfterTest Finish -->
  <testcase classname="tests.GoogleSearchTest" name="Search2" time="8.134"/>
  <testcase classname="tests.GoogleSearchTest" name="Search" time="0.0">
    <ignored/>
  </testcase> <!-- Search -->
</testsuite> <!-- Test -->
